<?xml version="1.0" encoding="UTF-8"?>
<testng-results skipped="0" failed="0" total="1" passed="1">
  <reporter-output>
  </reporter-output>
  <suite name="com.test.runner.Election_API_Test" duration-ms="9529" started-at="2020-03-03T20:08:42Z" finished-at="2020-03-03T20:08:52Z">
    <groups>
    </groups>
    <test name="Command line test" duration-ms="9529" started-at="2020-03-03T20:08:42Z" finished-at="2020-03-03T20:08:52Z">
      <class name="com.test.runner.Election_API_Test">
        <test-method status="PASS" signature="initializeTest()[pri:0, instance:com.test.runner.Election_API_Test@69d9c55]" name="initializeTest" is-config="true" duration-ms="16" started-at="2020-03-04T01:38:42Z" finished-at="2020-03-04T01:38:42Z">
          <reporter-output>
          </reporter-output>
        </test-method> <!-- initializeTest -->
        <test-method status="PASS" signature="Goolge_API()[pri:0, instance:com.test.runner.Election_API_Test@69d9c55]" name="Goolge_API" duration-ms="8868" started-at="2020-03-04T01:38:42Z" finished-at="2020-03-04T01:38:51Z">
          <reporter-output>
          </reporter-output>
        </test-method> <!-- Goolge_API -->
        <test-method status="PASS" signature="end_Test()[pri:0, instance:com.test.runner.Election_API_Test@69d9c55]" name="end_Test" is-config="true" duration-ms="630" started-at="2020-03-04T01:38:51Z" finished-at="2020-03-04T01:38:52Z">
          <reporter-output>
          </reporter-output>
        </test-method> <!-- end_Test -->
      </class> <!-- com.test.runner.Election_API_Test -->
    </test> <!-- Command line test -->
  </suite> <!-- com.test.runner.Election_API_Test -->
</testng-results>
