<?xml version="1.0" encoding="UTF-8"?>
<testng-results skipped="0" failed="0" ignored="0" total="1" passed="1">
  <reporter-output>
  </reporter-output>
  <suite name="Suite" duration-ms="7191" started-at="2020-03-03T19:49:56Z" finished-at="2020-03-03T19:50:03Z">
    <groups>
    </groups>
    <test name="Run Election API Test" duration-ms="7191" started-at="2020-03-03T19:49:56Z" finished-at="2020-03-03T19:50:03Z">
      <class name="com.test.runner.Election_API_Test">
        <test-method status="PASS" signature="initializeTest()[pri:0, instance:com.test.runner.Election_API_Test@490ab905]" name="initializeTest" is-config="true" duration-ms="23" started-at="2020-03-04T01:19:56Z" finished-at="2020-03-04T01:19:56Z">
          <reporter-output>
          </reporter-output>
        </test-method> <!-- initializeTest -->
        <test-method status="PASS" signature="Goolge_API()[pri:0, instance:com.test.runner.Election_API_Test@490ab905]" name="Goolge_API" duration-ms="6447" started-at="2020-03-04T01:19:56Z" finished-at="2020-03-04T01:20:02Z">
          <reporter-output>
          </reporter-output>
        </test-method> <!-- Goolge_API -->
        <test-method status="PASS" signature="end_Test()[pri:0, instance:com.test.runner.Election_API_Test@490ab905]" name="end_Test" is-config="true" duration-ms="644" started-at="2020-03-04T01:20:02Z" finished-at="2020-03-04T01:20:03Z">
          <reporter-output>
          </reporter-output>
        </test-method> <!-- end_Test -->
      </class> <!-- com.test.runner.Election_API_Test -->
    </test> <!-- Run Election API Test -->
  </suite> <!-- Suite -->
</testng-results>
